<?xml version="1.0" encoding="UTF-8"?>
<testng-results skipped="0" failed="0" total="1" passed="1">
  <reporter-output>
  </reporter-output>
  <suite name="Default suite" duration-ms="266974" started-at="2019-06-17T10:54:40Z" finished-at="2019-06-17T10:59:07Z">
    <groups>
    </groups>
    <test name="Default test" duration-ms="266974" started-at="2019-06-17T10:54:40Z" finished-at="2019-06-17T10:59:07Z">
      <class name="finalscript.Rockwell">
        <test-method status="PASS" signature="configuration()[pri:0, instance:finalscript.Rockwell@2a5ca609]" name="configuration" is-config="true" duration-ms="1319" started-at="2019-06-17T16:24:40Z" finished-at="2019-06-17T16:24:41Z">
          <reporter-output>
          </reporter-output>
        </test-method> <!-- configuration -->
        <test-method status="PASS" signature="productContent()[pri:0, instance:finalscript.Rockwell@2a5ca609]" name="productContent" duration-ms="264184" started-at="2019-06-17T16:24:41Z" description="Navigate to each product, Click on product selection tab, populate catalog numbers and description into &#039;data.csv&#039; file" finished-at="2019-06-17T16:29:05Z">
          <reporter-output>
          </reporter-output>
        </test-method> <!-- productContent -->
        <test-method status="PASS" signature="tearDown()[pri:0, instance:finalscript.Rockwell@2a5ca609]" name="tearDown" is-config="true" duration-ms="1456" started-at="2019-06-17T16:29:05Z" finished-at="2019-06-17T16:29:07Z">
          <reporter-output>
          </reporter-output>
        </test-method> <!-- tearDown -->
      </class> <!-- finalscript.Rockwell -->
    </test> <!-- Default test -->
  </suite> <!-- Default suite -->
</testng-results>
